<?xml version="1.0" encoding="UTF-8"?>
<testng-results skipped="0" failed="0" ignored="0" total="2" passed="2">
  <reporter-output>
  </reporter-output>
  <suite name="Cigna Automation Test" duration-ms="44058" started-at="2018-01-10T04:57:49Z" finished-at="2018-01-10T04:58:34Z">
    <groups>
    </groups>
    <test name="Cigna" duration-ms="44058" started-at="2018-01-10T04:57:49Z" finished-at="2018-01-10T04:58:34Z">
      <class name="testCases.TestLoginPage">
        <test-method status="PASS" signature="setUp(boolean, java.lang.String, java.lang.String, java.lang.String, java.lang.String, java.lang.String, java.lang.String)[pri:0, instance:testCases.TestLoginPage@10bdf5e5]" name="setUp" is-config="true" duration-ms="11066" started-at="2018-01-09T23:57:50Z" finished-at="2018-01-09T23:58:01Z">
          <params>
            <param index="0">
              <value>
                <![CDATA[false]]>
              </value>
            </param>
            <param index="1">
              <value>
                <![CDATA[false]]>
              </value>
            </param>
            <param index="2">
              <value>
                <![CDATA[windows]]>
              </value>
            </param>
            <param index="3">
              <value>
                <![CDATA[10]]>
              </value>
            </param>
            <param index="4">
              <value>
                <![CDATA[chrome]]>
              </value>
            </param>
            <param index="5">
              <value>
                <![CDATA[34]]>
              </value>
            </param>
            <param index="6">
              <value>
                <![CDATA[https://www.cigna.com/]]>
              </value>
            </param>
          </params>
          <reporter-output>
          </reporter-output>
        </test-method> <!-- setUp -->
        <test-method status="PASS" signature="initilizationOfObject()[pri:0, instance:testCases.TestLoginPage@10bdf5e5]" name="initilizationOfObject" is-config="true" duration-ms="85" started-at="2018-01-09T23:58:01Z" finished-at="2018-01-09T23:58:01Z">
          <reporter-output>
          </reporter-output>
        </test-method> <!-- initilizationOfObject -->
        <test-method status="PASS" signature="loginButton()[pri:0, instance:testCases.TestLoginPage@10bdf5e5]" name="loginButton" duration-ms="4521" started-at="2018-01-09T23:58:01Z" finished-at="2018-01-09T23:58:05Z">
          <reporter-output>
          </reporter-output>
        </test-method> <!-- loginButton -->
        <test-method status="PASS" signature="closeOut()[pri:0, instance:testCases.TestLoginPage@10bdf5e5]" name="closeOut" is-config="true" duration-ms="4302" started-at="2018-01-09T23:58:05Z" finished-at="2018-01-09T23:58:10Z">
          <reporter-output>
          </reporter-output>
        </test-method> <!-- closeOut -->
        <test-method status="PASS" signature="setUp(boolean, java.lang.String, java.lang.String, java.lang.String, java.lang.String, java.lang.String, java.lang.String)[pri:0, instance:testCases.TestLoginPage@10bdf5e5]" name="setUp" is-config="true" duration-ms="8593" started-at="2018-01-09T23:58:10Z" finished-at="2018-01-09T23:58:18Z">
          <params>
            <param index="0">
              <value>
                <![CDATA[false]]>
              </value>
            </param>
            <param index="1">
              <value>
                <![CDATA[false]]>
              </value>
            </param>
            <param index="2">
              <value>
                <![CDATA[windows]]>
              </value>
            </param>
            <param index="3">
              <value>
                <![CDATA[10]]>
              </value>
            </param>
            <param index="4">
              <value>
                <![CDATA[chrome]]>
              </value>
            </param>
            <param index="5">
              <value>
                <![CDATA[34]]>
              </value>
            </param>
            <param index="6">
              <value>
                <![CDATA[https://www.cigna.com/]]>
              </value>
            </param>
          </params>
          <reporter-output>
          </reporter-output>
        </test-method> <!-- setUp -->
        <test-method status="PASS" signature="initilizationOfObject()[pri:0, instance:testCases.TestLoginPage@10bdf5e5]" name="initilizationOfObject" is-config="true" duration-ms="4" started-at="2018-01-09T23:58:18Z" finished-at="2018-01-09T23:58:18Z">
          <reporter-output>
          </reporter-output>
        </test-method> <!-- initilizationOfObject -->
        <test-method status="PASS" signature="regrister1()[pri:1, instance:testCases.TestLoginPage@10bdf5e5]" name="regrister1" duration-ms="11126" started-at="2018-01-09T23:58:18Z" finished-at="2018-01-09T23:58:29Z">
          <reporter-output>
          </reporter-output>
        </test-method> <!-- regrister1 -->
        <test-method status="PASS" signature="closeOut()[pri:0, instance:testCases.TestLoginPage@10bdf5e5]" name="closeOut" is-config="true" duration-ms="4242" started-at="2018-01-09T23:58:29Z" finished-at="2018-01-09T23:58:34Z">
          <reporter-output>
          </reporter-output>
        </test-method> <!-- closeOut -->
      </class> <!-- testCases.TestLoginPage -->
    </test> <!-- Cigna -->
  </suite> <!-- Cigna Automation Test -->
</testng-results>
